C:\Program Files (x86)\Microsoft Visual Studio\2019\Community\MSBuild\Microsoft\VC\v160\Microsoft.CppBuild.targets(491,5): warning MSB8028: The intermediate directory (Debug\) contains files shared from another project (Project2.vcxproj).  This can lead to incorrect clean and rebuild behavior.
  MyForm.cpp
D:\Мехмат\___ПРОГА\___ВЫЧКА\Project3\Project2\MyForm.h(181,72): warning C4244: 'argument': conversion from 'int' to 'float', possible loss of data
D:\Мехмат\___ПРОГА\___ВЫЧКА\Project3\Project2\MyForm.h(181,60): warning C4244: 'argument': conversion from 'int' to 'float', possible loss of data
D:\Мехмат\___ПРОГА\___ВЫЧКА\Project3\Project2\MyForm.h(182,64): warning C4244: 'argument': conversion from 'int' to 'float', possible loss of data
D:\Мехмат\___ПРОГА\___ВЫЧКА\Project3\Project2\MyForm.h(226,72): warning C4244: 'argument': conversion from 'int' to 'float', possible loss of data
D:\Мехмат\___ПРОГА\___ВЫЧКА\Project3\Project2\MyForm.h(226,60): warning C4244: 'argument': conversion from 'int' to 'float', possible loss of data
D:\Мехмат\___ПРОГА\___ВЫЧКА\Project3\Project2\MyForm.h(227,65): warning C4244: 'argument': conversion from 'int' to 'float', possible loss of data
D:\Мехмат\___ПРОГА\___ВЫЧКА\Project3\Project2\MyForm.h(276,31): warning C4244: '=': conversion from 'double' to 'int', possible loss of data
D:\Мехмат\___ПРОГА\___ВЫЧКА\Project3\Project2\MyForm.h(277,32): warning C4244: '=': conversion from 'double' to 'int', possible loss of data
D:\Мехмат\___ПРОГА\___ВЫЧКА\Project3\Project2\MyForm.h(299,73): warning C4244: 'argument': conversion from 'int' to 'float', possible loss of data
D:\Мехмат\___ПРОГА\___ВЫЧКА\Project3\Project2\MyForm.h(299,64): warning C4244: 'argument': conversion from 'int' to 'float', possible loss of data
D:\Мехмат\___ПРОГА\___ВЫЧКА\Project3\Project2\MyForm.h(304,73): warning C4244: 'argument': conversion from 'int' to 'float', possible loss of data
D:\Мехмат\___ПРОГА\___ВЫЧКА\Project3\Project2\MyForm.h(304,64): warning C4244: 'argument': conversion from 'int' to 'float', possible loss of data
D:\Мехмат\___ПРОГА\___ВЫЧКА\Project3\Project2\MyForm.h(309,75): warning C4244: 'argument': conversion from 'int' to 'float', possible loss of data
D:\Мехмат\___ПРОГА\___ВЫЧКА\Project3\Project2\MyForm.h(309,64): warning C4244: 'argument': conversion from 'int' to 'float', possible loss of data
D:\Мехмат\___ПРОГА\___ВЫЧКА\Project3\Project2\MyForm.h(289,19): warning C4101: 'j2': unreferenced local variable
D:\Мехмат\___ПРОГА\___ВЫЧКА\Project3\Project2\MyForm.h(289,11): warning C4101: 'j1': unreferenced local variable
D:\Мехмат\___ПРОГА\___ВЫЧКА\Project3\Project2\MyForm.h(289,15): warning C4101: 'i2': unreferenced local variable
D:\Мехмат\___ПРОГА\___ВЫЧКА\Project3\Project2\MyForm.h(289,7): warning C4101: 'i1': unreferenced local variable
  .NETFramework,Version=v4.7.2.AssemblyAttributes.cpp
  Generating Code...
  MyForm.obj : MSIL module encountered; incremental linking is disabled for MSIL; performing full link
  Project2.vcxproj -> D:\Мехмат\___ПРОГА\___ВЫЧКА\Project3\Debug\Project3.exe
